  main.cpp
C:\Users\sjinz\Desktop\2019 2학기 강의자료\인시\과제\과제1\OpenGL_skeleton\OpenGL_skeleton\main.cpp(731,20): warning C4018:  '<': signed 또는 unsigned가 일치하지 않습니다.
C:\Users\sjinz\Desktop\2019 2학기 강의자료\인시\과제\과제1\OpenGL_skeleton\OpenGL_skeleton\main.cpp(740,21): warning C4018:  '<': signed 또는 unsigned가 일치하지 않습니다.
  코드를 생성하고 있습니다.
  0 of 303 functions ( 0.0%) were compiled, the rest were copied from previous compilation.
    0 functions were new in current compilation
    0 functions had inline decision re-evaluated but remain unchanged
  코드를 생성했습니다.
Box2D_x86.lib(b2ChainShape.obj) : warning LNK4099: 'Box2D.pdb' PDB를 'Box2D_x86.lib(b2ChainShape.obj)' 또는 'C:\Users\sjinz\Desktop\2019 2학기 강의자료\인시\과제\과제1\OpenGL_skeleton\Release\Box2D.pdb'에서 찾을 수 없습니다. 디버그 정보가 없는 것처럼 개체를 링크합니다.
Box2D_x86.lib(b2CircleShape.obj) : warning LNK4099: 'Box2D.pdb' PDB를 'Box2D_x86.lib(b2CircleShape.obj)' 또는 'C:\Users\sjinz\Desktop\2019 2학기 강의자료\인시\과제\과제1\OpenGL_skeleton\Release\Box2D.pdb'에서 찾을 수 없습니다. 디버그 정보가 없는 것처럼 개체를 링크합니다.
Box2D_x86.lib(b2EdgeShape.obj) : warning LNK4099: 'Box2D.pdb' PDB를 'Box2D_x86.lib(b2EdgeShape.obj)' 또는 'C:\Users\sjinz\Desktop\2019 2학기 강의자료\인시\과제\과제1\OpenGL_skeleton\Release\Box2D.pdb'에서 찾을 수 없습니다. 디버그 정보가 없는 것처럼 개체를 링크합니다.
Box2D_x86.lib(b2PolygonShape.obj) : warning LNK4099: 'Box2D.pdb' PDB를 'Box2D_x86.lib(b2PolygonShape.obj)' 또는 'C:\Users\sjinz\Desktop\2019 2학기 강의자료\인시\과제\과제1\OpenGL_skeleton\Release\Box2D.pdb'에서 찾을 수 없습니다. 디버그 정보가 없는 것처럼 개체를 링크합니다.
Box2D_x86.lib(b2BroadPhase.obj) : warning LNK4099: 'Box2D.pdb' PDB를 'Box2D_x86.lib(b2BroadPhase.obj)' 또는 'C:\Users\sjinz\Desktop\2019 2학기 강의자료\인시\과제\과제1\OpenGL_skeleton\Release\Box2D.pdb'에서 찾을 수 없습니다. 디버그 정보가 없는 것처럼 개체를 링크합니다.
Box2D_x86.lib(b2CollideCircle.obj) : warning LNK4099: 'Box2D.pdb' PDB를 'Box2D_x86.lib(b2CollideCircle.obj)' 또는 'C:\Users\sjinz\Desktop\2019 2학기 강의자료\인시\과제\과제1\OpenGL_skeleton\Release\Box2D.pdb'에서 찾을 수 없습니다. 디버그 정보가 없는 것처럼 개체를 링크합니다.
Box2D_x86.lib(b2CollideEdge.obj) : warning LNK4099: 'Box2D.pdb' PDB를 'Box2D_x86.lib(b2CollideEdge.obj)' 또는 'C:\Users\sjinz\Desktop\2019 2학기 강의자료\인시\과제\과제1\OpenGL_skeleton\Release\Box2D.pdb'에서 찾을 수 없습니다. 디버그 정보가 없는 것처럼 개체를 링크합니다.
Box2D_x86.lib(b2CollidePolygon.obj) : warning LNK4099: 'Box2D.pdb' PDB를 'Box2D_x86.lib(b2CollidePolygon.obj)' 또는 'C:\Users\sjinz\Desktop\2019 2학기 강의자료\인시\과제\과제1\OpenGL_skeleton\Release\Box2D.pdb'에서 찾을 수 없습니다. 디버그 정보가 없는 것처럼 개체를 링크합니다.
Box2D_x86.lib(b2Collision.obj) : warning LNK4099: 'Box2D.pdb' PDB를 'Box2D_x86.lib(b2Collision.obj)' 또는 'C:\Users\sjinz\Desktop\2019 2학기 강의자료\인시\과제\과제1\OpenGL_skeleton\Release\Box2D.pdb'에서 찾을 수 없습니다. 디버그 정보가 없는 것처럼 개체를 링크합니다.
Box2D_x86.lib(b2Distance.obj) : warning LNK4099: 'Box2D.pdb' PDB를 'Box2D_x86.lib(b2Distance.obj)' 또는 'C:\Users\sjinz\Desktop\2019 2학기 강의자료\인시\과제\과제1\OpenGL_skeleton\Release\Box2D.pdb'에서 찾을 수 없습니다. 디버그 정보가 없는 것처럼 개체를 링크합니다.
Box2D_x86.lib(b2DynamicTree.obj) : warning LNK4099: 'Box2D.pdb' PDB를 'Box2D_x86.lib(b2DynamicTree.obj)' 또는 'C:\Users\sjinz\Desktop\2019 2학기 강의자료\인시\과제\과제1\OpenGL_skeleton\Release\Box2D.pdb'에서 찾을 수 없습니다. 디버그 정보가 없는 것처럼 개체를 링크합니다.
Box2D_x86.lib(b2TimeOfImpact.obj) : warning LNK4099: 'Box2D.pdb' PDB를 'Box2D_x86.lib(b2TimeOfImpact.obj)' 또는 'C:\Users\sjinz\Desktop\2019 2학기 강의자료\인시\과제\과제1\OpenGL_skeleton\Release\Box2D.pdb'에서 찾을 수 없습니다. 디버그 정보가 없는 것처럼 개체를 링크합니다.
Box2D_x86.lib(b2BlockAllocator.obj) : warning LNK4099: 'Box2D.pdb' PDB를 'Box2D_x86.lib(b2BlockAllocator.obj)' 또는 'C:\Users\sjinz\Desktop\2019 2학기 강의자료\인시\과제\과제1\OpenGL_skeleton\Release\Box2D.pdb'에서 찾을 수 없습니다. 디버그 정보가 없는 것처럼 개체를 링크합니다.
Box2D_x86.lib(b2Draw.obj) : warning LNK4099: 'Box2D.pdb' PDB를 'Box2D_x86.lib(b2Draw.obj)' 또는 'C:\Users\sjinz\Desktop\2019 2학기 강의자료\인시\과제\과제1\OpenGL_skeleton\Release\Box2D.pdb'에서 찾을 수 없습니다. 디버그 정보가 없는 것처럼 개체를 링크합니다.
Box2D_x86.lib(b2Math.obj) : warning LNK4099: 'Box2D.pdb' PDB를 'Box2D_x86.lib(b2Math.obj)' 또는 'C:\Users\sjinz\Desktop\2019 2학기 강의자료\인시\과제\과제1\OpenGL_skeleton\Release\Box2D.pdb'에서 찾을 수 없습니다. 디버그 정보가 없는 것처럼 개체를 링크합니다.
Box2D_x86.lib(b2Settings.obj) : warning LNK4099: 'Box2D.pdb' PDB를 'Box2D_x86.lib(b2Settings.obj)' 또는 'C:\Users\sjinz\Desktop\2019 2학기 강의자료\인시\과제\과제1\OpenGL_skeleton\Release\Box2D.pdb'에서 찾을 수 없습니다. 디버그 정보가 없는 것처럼 개체를 링크합니다.
Box2D_x86.lib(b2StackAllocator.obj) : warning LNK4099: 'Box2D.pdb' PDB를 'Box2D_x86.lib(b2StackAllocator.obj)' 또는 'C:\Users\sjinz\Desktop\2019 2학기 강의자료\인시\과제\과제1\OpenGL_skeleton\Release\Box2D.pdb'에서 찾을 수 없습니다. 디버그 정보가 없는 것처럼 개체를 링크합니다.
Box2D_x86.lib(b2Timer.obj) : warning LNK4099: 'Box2D.pdb' PDB를 'Box2D_x86.lib(b2Timer.obj)' 또는 'C:\Users\sjinz\Desktop\2019 2학기 강의자료\인시\과제\과제1\OpenGL_skeleton\Release\Box2D.pdb'에서 찾을 수 없습니다. 디버그 정보가 없는 것처럼 개체를 링크합니다.
Box2D_x86.lib(b2ChainAndCircleContact.obj) : warning LNK4099: 'Box2D.pdb' PDB를 'Box2D_x86.lib(b2ChainAndCircleContact.obj)' 또는 'C:\Users\sjinz\Desktop\2019 2학기 강의자료\인시\과제\과제1\OpenGL_skeleton\Release\Box2D.pdb'에서 찾을 수 없습니다. 디버그 정보가 없는 것처럼 개체를 링크합니다.
Box2D_x86.lib(b2ChainAndPolygonContact.obj) : warning LNK4099: 'Box2D.pdb' PDB를 'Box2D_x86.lib(b2ChainAndPolygonContact.obj)' 또는 'C:\Users\sjinz\Desktop\2019 2학기 강의자료\인시\과제\과제1\OpenGL_skeleton\Release\Box2D.pdb'에서 찾을 수 없습니다. 디버그 정보가 없는 것처럼 개체를 링크합니다.
Box2D_x86.lib(b2CircleContact.obj) : warning LNK4099: 'Box2D.pdb' PDB를 'Box2D_x86.lib(b2CircleContact.obj)' 또는 'C:\Users\sjinz\Desktop\2019 2학기 강의자료\인시\과제\과제1\OpenGL_skeleton\Release\Box2D.pdb'에서 찾을 수 없습니다. 디버그 정보가 없는 것처럼 개체를 링크합니다.
Box2D_x86.lib(b2Contact.obj) : warning LNK4099: 'Box2D.pdb' PDB를 'Box2D_x86.lib(b2Contact.obj)' 또는 'C:\Users\sjinz\Desktop\2019 2학기 강의자료\인시\과제\과제1\OpenGL_skeleton\Release\Box2D.pdb'에서 찾을 수 없습니다. 디버그 정보가 없는 것처럼 개체를 링크합니다.
Box2D_x86.lib(b2ContactSolver.obj) : warning LNK4099: 'Box2D.pdb' PDB를 'Box2D_x86.lib(b2ContactSolver.obj)' 또는 'C:\Users\sjinz\Desktop\2019 2학기 강의자료\인시\과제\과제1\OpenGL_skeleton\Release\Box2D.pdb'에서 찾을 수 없습니다. 디버그 정보가 없는 것처럼 개체를 링크합니다.
Box2D_x86.lib(b2EdgeAndCircleContact.obj) : warning LNK4099: 'Box2D.pdb' PDB를 'Box2D_x86.lib(b2EdgeAndCircleContact.obj)' 또는 'C:\Users\sjinz\Desktop\2019 2학기 강의자료\인시\과제\과제1\OpenGL_skeleton\Release\Box2D.pdb'에서 찾을 수 없습니다. 디버그 정보가 없는 것처럼 개체를 링크합니다.
Box2D_x86.lib(b2EdgeAndPolygonContact.obj) : warning LNK4099: 'Box2D.pdb' PDB를 'Box2D_x86.lib(b2EdgeAndPolygonContact.obj)' 또는 'C:\Users\sjinz\Desktop\2019 2학기 강의자료\인시\과제\과제1\OpenGL_skeleton\Release\Box2D.pdb'에서 찾을 수 없습니다. 디버그 정보가 없는 것처럼 개체를 링크합니다.
Box2D_x86.lib(b2PolygonAndCircleContact.obj) : warning LNK4099: 'Box2D.pdb' PDB를 'Box2D_x86.lib(b2PolygonAndCircleContact.obj)' 또는 'C:\Users\sjinz\Desktop\2019 2학기 강의자료\인시\과제\과제1\OpenGL_skeleton\Release\Box2D.pdb'에서 찾을 수 없습니다. 디버그 정보가 없는 것처럼 개체를 링크합니다.
Box2D_x86.lib(b2PolygonContact.obj) : warning LNK4099: 'Box2D.pdb' PDB를 'Box2D_x86.lib(b2PolygonContact.obj)' 또는 'C:\Users\sjinz\Desktop\2019 2학기 강의자료\인시\과제\과제1\OpenGL_skeleton\Release\Box2D.pdb'에서 찾을 수 없습니다. 디버그 정보가 없는 것처럼 개체를 링크합니다.
Box2D_x86.lib(b2DistanceJoint.obj) : warning LNK4099: 'Box2D.pdb' PDB를 'Box2D_x86.lib(b2DistanceJoint.obj)' 또는 'C:\Users\sjinz\Desktop\2019 2학기 강의자료\인시\과제\과제1\OpenGL_skeleton\Release\Box2D.pdb'에서 찾을 수 없습니다. 디버그 정보가 없는 것처럼 개체를 링크합니다.
Box2D_x86.lib(b2FrictionJoint.obj) : warning LNK4099: 'Box2D.pdb' PDB를 'Box2D_x86.lib(b2FrictionJoint.obj)' 또는 'C:\Users\sjinz\Desktop\2019 2학기 강의자료\인시\과제\과제1\OpenGL_skeleton\Release\Box2D.pdb'에서 찾을 수 없습니다. 디버그 정보가 없는 것처럼 개체를 링크합니다.
Box2D_x86.lib(b2GearJoint.obj) : warning LNK4099: 'Box2D.pdb' PDB를 'Box2D_x86.lib(b2GearJoint.obj)' 또는 'C:\Users\sjinz\Desktop\2019 2학기 강의자료\인시\과제\과제1\OpenGL_skeleton\Release\Box2D.pdb'에서 찾을 수 없습니다. 디버그 정보가 없는 것처럼 개체를 링크합니다.
Box2D_x86.lib(b2Joint.obj) : warning LNK4099: 'Box2D.pdb' PDB를 'Box2D_x86.lib(b2Joint.obj)' 또는 'C:\Users\sjinz\Desktop\2019 2학기 강의자료\인시\과제\과제1\OpenGL_skeleton\Release\Box2D.pdb'에서 찾을 수 없습니다. 디버그 정보가 없는 것처럼 개체를 링크합니다.
Box2D_x86.lib(b2MotorJoint.obj) : warning LNK4099: 'Box2D.pdb' PDB를 'Box2D_x86.lib(b2MotorJoint.obj)' 또는 'C:\Users\sjinz\Desktop\2019 2학기 강의자료\인시\과제\과제1\OpenGL_skeleton\Release\Box2D.pdb'에서 찾을 수 없습니다. 디버그 정보가 없는 것처럼 개체를 링크합니다.
Box2D_x86.lib(b2MouseJoint.obj) : warning LNK4099: 'Box2D.pdb' PDB를 'Box2D_x86.lib(b2MouseJoint.obj)' 또는 'C:\Users\sjinz\Desktop\2019 2학기 강의자료\인시\과제\과제1\OpenGL_skeleton\Release\Box2D.pdb'에서 찾을 수 없습니다. 디버그 정보가 없는 것처럼 개체를 링크합니다.
Box2D_x86.lib(b2PrismaticJoint.obj) : warning LNK4099: 'Box2D.pdb' PDB를 'Box2D_x86.lib(b2PrismaticJoint.obj)' 또는 'C:\Users\sjinz\Desktop\2019 2학기 강의자료\인시\과제\과제1\OpenGL_skeleton\Release\Box2D.pdb'에서 찾을 수 없습니다. 디버그 정보가 없는 것처럼 개체를 링크합니다.
Box2D_x86.lib(b2PulleyJoint.obj) : warning LNK4099: 'Box2D.pdb' PDB를 'Box2D_x86.lib(b2PulleyJoint.obj)' 또는 'C:\Users\sjinz\Desktop\2019 2학기 강의자료\인시\과제\과제1\OpenGL_skeleton\Release\Box2D.pdb'에서 찾을 수 없습니다. 디버그 정보가 없는 것처럼 개체를 링크합니다.
Box2D_x86.lib(b2RevoluteJoint.obj) : warning LNK4099: 'Box2D.pdb' PDB를 'Box2D_x86.lib(b2RevoluteJoint.obj)' 또는 'C:\Users\sjinz\Desktop\2019 2학기 강의자료\인시\과제\과제1\OpenGL_skeleton\Release\Box2D.pdb'에서 찾을 수 없습니다. 디버그 정보가 없는 것처럼 개체를 링크합니다.
Box2D_x86.lib(b2RopeJoint.obj) : warning LNK4099: 'Box2D.pdb' PDB를 'Box2D_x86.lib(b2RopeJoint.obj)' 또는 'C:\Users\sjinz\Desktop\2019 2학기 강의자료\인시\과제\과제1\OpenGL_skeleton\Release\Box2D.pdb'에서 찾을 수 없습니다. 디버그 정보가 없는 것처럼 개체를 링크합니다.
Box2D_x86.lib(b2WeldJoint.obj) : warning LNK4099: 'Box2D.pdb' PDB를 'Box2D_x86.lib(b2WeldJoint.obj)' 또는 'C:\Users\sjinz\Desktop\2019 2학기 강의자료\인시\과제\과제1\OpenGL_skeleton\Release\Box2D.pdb'에서 찾을 수 없습니다. 디버그 정보가 없는 것처럼 개체를 링크합니다.
Box2D_x86.lib(b2WheelJoint.obj) : warning LNK4099: 'Box2D.pdb' PDB를 'Box2D_x86.lib(b2WheelJoint.obj)' 또는 'C:\Users\sjinz\Desktop\2019 2학기 강의자료\인시\과제\과제1\OpenGL_skeleton\Release\Box2D.pdb'에서 찾을 수 없습니다. 디버그 정보가 없는 것처럼 개체를 링크합니다.
Box2D_x86.lib(b2Body.obj) : warning LNK4099: 'Box2D.pdb' PDB를 'Box2D_x86.lib(b2Body.obj)' 또는 'C:\Users\sjinz\Desktop\2019 2학기 강의자료\인시\과제\과제1\OpenGL_skeleton\Release\Box2D.pdb'에서 찾을 수 없습니다. 디버그 정보가 없는 것처럼 개체를 링크합니다.
Box2D_x86.lib(b2ContactManager.obj) : warning LNK4099: 'Box2D.pdb' PDB를 'Box2D_x86.lib(b2ContactManager.obj)' 또는 'C:\Users\sjinz\Desktop\2019 2학기 강의자료\인시\과제\과제1\OpenGL_skeleton\Release\Box2D.pdb'에서 찾을 수 없습니다. 디버그 정보가 없는 것처럼 개체를 링크합니다.
Box2D_x86.lib(b2Fixture.obj) : warning LNK4099: 'Box2D.pdb' PDB를 'Box2D_x86.lib(b2Fixture.obj)' 또는 'C:\Users\sjinz\Desktop\2019 2학기 강의자료\인시\과제\과제1\OpenGL_skeleton\Release\Box2D.pdb'에서 찾을 수 없습니다. 디버그 정보가 없는 것처럼 개체를 링크합니다.
Box2D_x86.lib(b2Island.obj) : warning LNK4099: 'Box2D.pdb' PDB를 'Box2D_x86.lib(b2Island.obj)' 또는 'C:\Users\sjinz\Desktop\2019 2학기 강의자료\인시\과제\과제1\OpenGL_skeleton\Release\Box2D.pdb'에서 찾을 수 없습니다. 디버그 정보가 없는 것처럼 개체를 링크합니다.
Box2D_x86.lib(b2World.obj) : warning LNK4099: 'Box2D.pdb' PDB를 'Box2D_x86.lib(b2World.obj)' 또는 'C:\Users\sjinz\Desktop\2019 2학기 강의자료\인시\과제\과제1\OpenGL_skeleton\Release\Box2D.pdb'에서 찾을 수 없습니다. 디버그 정보가 없는 것처럼 개체를 링크합니다.
Box2D_x86.lib(b2WorldCallbacks.obj) : warning LNK4099: 'Box2D.pdb' PDB를 'Box2D_x86.lib(b2WorldCallbacks.obj)' 또는 'C:\Users\sjinz\Desktop\2019 2학기 강의자료\인시\과제\과제1\OpenGL_skeleton\Release\Box2D.pdb'에서 찾을 수 없습니다. 디버그 정보가 없는 것처럼 개체를 링크합니다.
  OpenGL_skeleton.vcxproj -> C:\Users\sjinz\Desktop\2019 2학기 강의자료\인시\과제\과제1\OpenGL_skeleton\Release\OpenGL_skeleton.exe
